This file contains any messages produced by compilers while
running configure, to aid debugging if configure makes a mistake.

It was created by SystemC configure 2.3.3, which was
generated by GNU Autoconf 2.69.  Invocation command line was

  $ ../configure 

## --------- ##
## Platform. ##
## --------- ##

hostname = MacBook-Pro-di-Dario.local
uname -m = x86_64
uname -r = 18.7.0
uname -s = Darwin
uname -v = Darwin Kernel Version 18.7.0: Mon Mar  8 22:11:48 PST 2021; root:xnu-4903.278.65~1/RELEASE_X86_64

/usr/bin/uname -p = i386
/bin/uname -X     = unknown

/bin/arch              = unknown
/usr/bin/arch -k       = unknown
/usr/convex/getsysinfo = unknown
/usr/bin/hostinfo      = Mach kernel version:
	 Darwin Kernel Version 18.7.0: Mon Mar  8 22:11:48 PST 2021; root:xnu-4903.278.65~1/RELEASE_X86_64
Kernel configured for up to 4 processors.
2 processors are physically available.
4 processors are logically available.
Processor type: x86_64h (Intel x86-64h Haswell)
Processors active: 0 1 2 3
Primary memory available: 16.00 gigabytes
Default processor set: 371 tasks, 1420 threads, 4 processors
Load average: 1.28, Mach factor: 2.71
/bin/machine           = unknown
/usr/bin/oslevel       = unknown
/bin/universe          = unknown

PATH: /Applications/root_v6.14.06/bin
PATH: /usr/local/bin
PATH: /Developer/NVIDIA/CUDA-6.5/bin
PATH: /usr/bin
PATH: /bin
PATH: /usr/sbin
PATH: /sbin
PATH: /usr/local/bin
PATH: /Library/TeX/texbin
PATH: /opt/X11/bin
PATH: /bin


## ----------- ##
## Core tests. ##
## ----------- ##

configure:2380: checking build system type
configure:2394: result: x86_64-apple-darwin18.7.0
configure:2414: checking host system type
configure:2427: result: x86_64-apple-darwin18.7.0
configure:2447: checking target system type
configure:2460: result: x86_64-apple-darwin18.7.0
configure:2503: checking for a BSD-compatible install
configure:2571: result: /usr/bin/install -c
configure:2582: checking whether build environment is sane
configure:2637: result: yes
configure:2788: checking for a thread-safe mkdir -p
configure:2827: result: ../config/install-sh -c -d
configure:2834: checking for gawk
configure:2864: result: no
configure:2834: checking for mawk
configure:2864: result: no
configure:2834: checking for nawk
configure:2864: result: no
configure:2834: checking for awk
configure:2850: found /usr/bin/awk
configure:2861: result: awk
configure:2872: checking whether make sets $(MAKE)
configure:2894: result: yes
configure:2923: checking whether make supports nested variables
configure:2940: result: yes
configure:3010: checking how to create a pax tar archive
configure:3021: tar --version
bsdtar 2.8.3 - libarchive 2.8.3
configure:3024: $? = 0
configure:3064: tardir=conftest.dir && eval tar --format=posix -chf - "$tardir" >conftest.tar
configure:3067: $? = 0
configure:3071: tar -xf - <conftest.tar
configure:3074: $? = 0
configure:3076: cat conftest.dir/file
GrepMe
configure:3079: $? = 0
configure:3092: result: gnutar
configure:3153: checking whether make supports nested variables
configure:3170: result: yes
configure:3298: checking for C++ compiler version
configure:3307: /usr/local/Cellar/gcc/11.2.0/bin/g++-11 --version >&5
g++-11 (Homebrew GCC 11.2.0) 11.2.0
Copyright (C) 2021 Free Software Foundation, Inc.
This is free software; see the source for copying conditions.  There is NO
warranty; not even for MERCHANTABILITY or FITNESS FOR A PARTICULAR PURPOSE.

configure:3318: $? = 0
configure:3307: /usr/local/Cellar/gcc/11.2.0/bin/g++-11 -v >&5
Using built-in specs.
COLLECT_GCC=/usr/local/Cellar/gcc/11.2.0/bin/g++-11
COLLECT_LTO_WRAPPER=/usr/local/Cellar/gcc/11.2.0/libexec/gcc/x86_64-apple-darwin18/11.2.0/lto-wrapper
Target: x86_64-apple-darwin18
Configured with: ../configure --prefix=/usr/local/Cellar/gcc/11.2.0 --libdir=/usr/local/Cellar/gcc/11.2.0/lib/gcc/11 --disable-nls --enable-checking=release --enable-languages=c,c++,objc,obj-c++,fortran,d --program-suffix=-11 --with-gmp=/usr/local/opt/gmp --with-mpfr=/usr/local/opt/mpfr --with-mpc=/usr/local/opt/libmpc --with-isl=/usr/local/opt/isl --with-zstd=/usr/local/opt/zstd --with-pkgversion='Homebrew GCC 11.2.0' --with-bugurl=https://github.com/Homebrew/homebrew-core/issues --enable-libphobos --build=x86_64-apple-darwin18 --with-system-zlib --disable-multilib --with-native-system-header-dir=/usr/include --with-sysroot=/Library/Developer/CommandLineTools/SDKs/MacOSX10.14.sdk
Thread model: posix
Supported LTO compression algorithms: zlib zstd
gcc version 11.2.0 (Homebrew GCC 11.2.0) 
configure:3318: $? = 0
configure:3307: /usr/local/Cellar/gcc/11.2.0/bin/g++-11 -V >&5
g++-11: error: unrecognized command-line option '-V'
g++-11: fatal error: no input files
compilation terminated.
configure:3318: $? = 1
configure:3307: /usr/local/Cellar/gcc/11.2.0/bin/g++-11 -qversion >&5
g++-11: error: unrecognized command-line option '-qversion'; did you mean '--version'?
g++-11: fatal error: no input files
compilation terminated.
configure:3318: $? = 1
configure:3338: checking whether the C++ compiler works
configure:3360: /usr/local/Cellar/gcc/11.2.0/bin/g++-11    conftest.cpp  >&5
configure:3364: $? = 0
configure:3412: result: yes
configure:3415: checking for C++ compiler default output file name
configure:3417: result: a.out
configure:3423: checking for suffix of executables
configure:3430: /usr/local/Cellar/gcc/11.2.0/bin/g++-11 -o conftest    conftest.cpp  >&5
configure:3434: $? = 0
configure:3456: result: 
configure:3478: checking whether we are cross compiling
configure:3486: /usr/local/Cellar/gcc/11.2.0/bin/g++-11 -o conftest    conftest.cpp  >&5
configure:3490: $? = 0
configure:3497: ./conftest
configure:3501: $? = 0
configure:3516: result: no
configure:3521: checking for suffix of object files
configure:3543: /usr/local/Cellar/gcc/11.2.0/bin/g++-11 -c   conftest.cpp >&5
configure:3547: $? = 0
configure:3568: result: o
configure:3572: checking whether we are using the GNU C++ compiler
configure:3591: /usr/local/Cellar/gcc/11.2.0/bin/g++-11 -c   conftest.cpp >&5
configure:3591: $? = 0
configure:3600: result: yes
configure:3609: checking whether /usr/local/Cellar/gcc/11.2.0/bin/g++-11 accepts -g
configure:3629: /usr/local/Cellar/gcc/11.2.0/bin/g++-11 -c -g  conftest.cpp >&5
configure:3629: $? = 0
configure:3670: result: yes
configure:3704: checking for style of include used by make
configure:3732: result: GNU
configure:3758: checking dependency style of /usr/local/Cellar/gcc/11.2.0/bin/g++-11
configure:3869: result: gcc3
configure:3888: checking whether we are using a Clang/LLVM C++ compiler
configure:3914: /usr/local/Cellar/gcc/11.2.0/bin/g++-11 -c   conftest.cpp >&5
conftest.cpp: In function 'int main()':
conftest.cpp:15:5: error: 'clang' was not declared in this scope
   15 | not clang
      |     ^~~~~
configure:3914: $? = 1
configure: failed program was:
| /* confdefs.h */
| #define PACKAGE_NAME "SystemC"
| #define PACKAGE_TARNAME "systemc"
| #define PACKAGE_VERSION "2.3.3"
| #define PACKAGE_STRING "SystemC 2.3.3"
| #define PACKAGE_BUGREPORT "http://forums.accellera.org/forum/9-systemc/"
| #define PACKAGE_URL "http://accellera.org/"
| /* end confdefs.h.  */
| 
| int
| main ()
| {
| 
| #ifndef __clang__
| not clang
| #endif
| 
|   ;
|   return 0;
| }
configure:3927: result: no
configure:3979: checking for gcc
configure:4006: result: /usr/local/Cellar/gcc/11.2.0/bin/g++-11
configure:4235: checking for C compiler version
configure:4244: /usr/local/Cellar/gcc/11.2.0/bin/g++-11 --version >&5
g++-11 (Homebrew GCC 11.2.0) 11.2.0
Copyright (C) 2021 Free Software Foundation, Inc.
This is free software; see the source for copying conditions.  There is NO
warranty; not even for MERCHANTABILITY or FITNESS FOR A PARTICULAR PURPOSE.

configure:4255: $? = 0
configure:4244: /usr/local/Cellar/gcc/11.2.0/bin/g++-11 -v >&5
Using built-in specs.
COLLECT_GCC=/usr/local/Cellar/gcc/11.2.0/bin/g++-11
COLLECT_LTO_WRAPPER=/usr/local/Cellar/gcc/11.2.0/libexec/gcc/x86_64-apple-darwin18/11.2.0/lto-wrapper
Target: x86_64-apple-darwin18
Configured with: ../configure --prefix=/usr/local/Cellar/gcc/11.2.0 --libdir=/usr/local/Cellar/gcc/11.2.0/lib/gcc/11 --disable-nls --enable-checking=release --enable-languages=c,c++,objc,obj-c++,fortran,d --program-suffix=-11 --with-gmp=/usr/local/opt/gmp --with-mpfr=/usr/local/opt/mpfr --with-mpc=/usr/local/opt/libmpc --with-isl=/usr/local/opt/isl --with-zstd=/usr/local/opt/zstd --with-pkgversion='Homebrew GCC 11.2.0' --with-bugurl=https://github.com/Homebrew/homebrew-core/issues --enable-libphobos --build=x86_64-apple-darwin18 --with-system-zlib --disable-multilib --with-native-system-header-dir=/usr/include --with-sysroot=/Library/Developer/CommandLineTools/SDKs/MacOSX10.14.sdk
Thread model: posix
Supported LTO compression algorithms: zlib zstd
gcc version 11.2.0 (Homebrew GCC 11.2.0) 
configure:4255: $? = 0
configure:4244: /usr/local/Cellar/gcc/11.2.0/bin/g++-11 -V >&5
g++-11: error: unrecognized command-line option '-V'
g++-11: fatal error: no input files
compilation terminated.
configure:4255: $? = 1
configure:4244: /usr/local/Cellar/gcc/11.2.0/bin/g++-11 -qversion >&5
g++-11: error: unrecognized command-line option '-qversion'; did you mean '--version'?
g++-11: fatal error: no input files
compilation terminated.
configure:4255: $? = 1
configure:4259: checking whether we are using the GNU C compiler
configure:4278: /usr/local/Cellar/gcc/11.2.0/bin/g++-11 -c   conftest.c >&5
configure:4278: $? = 0
configure:4287: result: yes
configure:4296: checking whether /usr/local/Cellar/gcc/11.2.0/bin/g++-11 accepts -g
configure:4316: /usr/local/Cellar/gcc/11.2.0/bin/g++-11 -c -g  conftest.c >&5
configure:4316: $? = 0
configure:4357: result: yes
configure:4374: checking for /usr/local/Cellar/gcc/11.2.0/bin/g++-11 option to accept ISO C89
configure:4437: /usr/local/Cellar/gcc/11.2.0/bin/g++-11  -c   conftest.c >&5
conftest.c:15:17: error: 'p' was not declared in this scope
   15 | static char *e (p, i)
      |                 ^
conftest.c:15:20: error: 'i' was not declared in this scope
   15 | static char *e (p, i)
      |                    ^
conftest.c:15:21: error: expression list treated as compound expression in initializer [-fpermissive]
   15 | static char *e (p, i)
      |                     ^
conftest.c:18:1: error: expected unqualified-id before '{' token
   18 | {
      | ^
conftest.c: In function 'int main()':
conftest.c:54:11: error: cannot convert 'char*' to 'char* (*)(char**, int)'
   54 | return f (e, argv, 0) != argv[0]  ||  f (e, argv, 1) != argv[1];
      |           ^
      |           |
      |           char*
conftest.c:21:26: note:   initializing argument 1 of 'char* f(char* (*)(char**, int), char**, ...)'
   21 | static char *f (char * (*g) (char **, int), char **p, ...)
      |                 ~~~~~~~~~^~~~~~~~~~~~~~~~~
conftest.c:54:42: error: cannot convert 'char*' to 'char* (*)(char**, int)'
   54 | return f (e, argv, 0) != argv[0]  ||  f (e, argv, 1) != argv[1];
      |                                          ^
      |                                          |
      |                                          char*
conftest.c:21:26: note:   initializing argument 1 of 'char* f(char* (*)(char**, int), char**, ...)'
   21 | static char *f (char * (*g) (char **, int), char **p, ...)
      |                 ~~~~~~~~~^~~~~~~~~~~~~~~~~
configure:4437: $? = 1
configure: failed program was:
| /* confdefs.h */
| #define PACKAGE_NAME "SystemC"
| #define PACKAGE_TARNAME "systemc"
| #define PACKAGE_VERSION "2.3.3"
| #define PACKAGE_STRING "SystemC 2.3.3"
| #define PACKAGE_BUGREPORT "http://forums.accellera.org/forum/9-systemc/"
| #define PACKAGE_URL "http://accellera.org/"
| /* end confdefs.h.  */
| #include <stdarg.h>
| #include <stdio.h>
| struct stat;
| /* Most of the following tests are stolen from RCS 5.7's src/conf.sh.  */
| struct buf { int x; };
| FILE * (*rcsopen) (struct buf *, struct stat *, int);
| static char *e (p, i)
|      char **p;
|      int i;
| {
|   return p[i];
| }
| static char *f (char * (*g) (char **, int), char **p, ...)
| {
|   char *s;
|   va_list v;
|   va_start (v,p);
|   s = g (p, va_arg (v,int));
|   va_end (v);
|   return s;
| }
| 
| /* OSF 4.0 Compaq cc is some sort of almost-ANSI by default.  It has
|    function prototypes and stuff, but not '\xHH' hex character constants.
|    These don't provoke an error unfortunately, instead are silently treated
|    as 'x'.  The following induces an error, until -std is added to get
|    proper ANSI mode.  Curiously '\x00'!='x' always comes out true, for an
|    array size at least.  It's necessary to write '\x00'==0 to get something
|    that's true only with -std.  */
| int osf4_cc_array ['\x00' == 0 ? 1 : -1];
| 
| /* IBM C 6 for AIX is almost-ANSI by default, but it replaces macro parameters
|    inside strings and character constants.  */
| #define FOO(x) 'x'
| int xlc6_cc_array[FOO(a) == 'x' ? 1 : -1];
| 
| int test (int i, double x);
| struct s1 {int (*f) (int a);};
| struct s2 {int (*f) (double a);};
| int pairnames (int, char **, FILE *(*)(struct buf *, struct stat *, int), int, int);
| int argc;
| char **argv;
| int
| main ()
| {
| return f (e, argv, 0) != argv[0]  ||  f (e, argv, 1) != argv[1];
|   ;
|   return 0;
| }
configure:4437: /usr/local/Cellar/gcc/11.2.0/bin/g++-11 -qlanglvl=extc89 -c   conftest.c >&5
g++-11: error: unrecognized command-line option '-qlanglvl=extc89'
configure:4437: $? = 1
configure: failed program was:
| /* confdefs.h */
| #define PACKAGE_NAME "SystemC"
| #define PACKAGE_TARNAME "systemc"
| #define PACKAGE_VERSION "2.3.3"
| #define PACKAGE_STRING "SystemC 2.3.3"
| #define PACKAGE_BUGREPORT "http://forums.accellera.org/forum/9-systemc/"
| #define PACKAGE_URL "http://accellera.org/"
| /* end confdefs.h.  */
| #include <stdarg.h>
| #include <stdio.h>
| struct stat;
| /* Most of the following tests are stolen from RCS 5.7's src/conf.sh.  */
| struct buf { int x; };
| FILE * (*rcsopen) (struct buf *, struct stat *, int);
| static char *e (p, i)
|      char **p;
|      int i;
| {
|   return p[i];
| }
| static char *f (char * (*g) (char **, int), char **p, ...)
| {
|   char *s;
|   va_list v;
|   va_start (v,p);
|   s = g (p, va_arg (v,int));
|   va_end (v);
|   return s;
| }
| 
| /* OSF 4.0 Compaq cc is some sort of almost-ANSI by default.  It has
|    function prototypes and stuff, but not '\xHH' hex character constants.
|    These don't provoke an error unfortunately, instead are silently treated
|    as 'x'.  The following induces an error, until -std is added to get
|    proper ANSI mode.  Curiously '\x00'!='x' always comes out true, for an
|    array size at least.  It's necessary to write '\x00'==0 to get something
|    that's true only with -std.  */
| int osf4_cc_array ['\x00' == 0 ? 1 : -1];
| 
| /* IBM C 6 for AIX is almost-ANSI by default, but it replaces macro parameters
|    inside strings and character constants.  */
| #define FOO(x) 'x'
| int xlc6_cc_array[FOO(a) == 'x' ? 1 : -1];
| 
| int test (int i, double x);
| struct s1 {int (*f) (int a);};
| struct s2 {int (*f) (double a);};
| int pairnames (int, char **, FILE *(*)(struct buf *, struct stat *, int), int, int);
| int argc;
| char **argv;
| int
| main ()
| {
| return f (e, argv, 0) != argv[0]  ||  f (e, argv, 1) != argv[1];
|   ;
|   return 0;
| }
configure:4437: /usr/local/Cellar/gcc/11.2.0/bin/g++-11 -qlanglvl=ansi -c   conftest.c >&5
g++-11: error: unrecognized command-line option '-qlanglvl=ansi'
configure:4437: $? = 1
configure: failed program was:
| /* confdefs.h */
| #define PACKAGE_NAME "SystemC"
| #define PACKAGE_TARNAME "systemc"
| #define PACKAGE_VERSION "2.3.3"
| #define PACKAGE_STRING "SystemC 2.3.3"
| #define PACKAGE_BUGREPORT "http://forums.accellera.org/forum/9-systemc/"
| #define PACKAGE_URL "http://accellera.org/"
| /* end confdefs.h.  */
| #include <stdarg.h>
| #include <stdio.h>
| struct stat;
| /* Most of the following tests are stolen from RCS 5.7's src/conf.sh.  */
| struct buf { int x; };
| FILE * (*rcsopen) (struct buf *, struct stat *, int);
| static char *e (p, i)
|      char **p;
|      int i;
| {
|   return p[i];
| }
| static char *f (char * (*g) (char **, int), char **p, ...)
| {
|   char *s;
|   va_list v;
|   va_start (v,p);
|   s = g (p, va_arg (v,int));
|   va_end (v);
|   return s;
| }
| 
| /* OSF 4.0 Compaq cc is some sort of almost-ANSI by default.  It has
|    function prototypes and stuff, but not '\xHH' hex character constants.
|    These don't provoke an error unfortunately, instead are silently treated
|    as 'x'.  The following induces an error, until -std is added to get
|    proper ANSI mode.  Curiously '\x00'!='x' always comes out true, for an
|    array size at least.  It's necessary to write '\x00'==0 to get something
|    that's true only with -std.  */
| int osf4_cc_array ['\x00' == 0 ? 1 : -1];
| 
| /* IBM C 6 for AIX is almost-ANSI by default, but it replaces macro parameters
|    inside strings and character constants.  */
| #define FOO(x) 'x'
| int xlc6_cc_array[FOO(a) == 'x' ? 1 : -1];
| 
| int test (int i, double x);
| struct s1 {int (*f) (int a);};
| struct s2 {int (*f) (double a);};
| int pairnames (int, char **, FILE *(*)(struct buf *, struct stat *, int), int, int);
| int argc;
| char **argv;
| int
| main ()
| {
| return f (e, argv, 0) != argv[0]  ||  f (e, argv, 1) != argv[1];
|   ;
|   return 0;
| }
configure:4437: /usr/local/Cellar/gcc/11.2.0/bin/g++-11 -std -c   conftest.c >&5
g++-11: error: unrecognized command-line option '-std'
configure:4437: $? = 1
configure: failed program was:
| /* confdefs.h */
| #define PACKAGE_NAME "SystemC"
| #define PACKAGE_TARNAME "systemc"
| #define PACKAGE_VERSION "2.3.3"
| #define PACKAGE_STRING "SystemC 2.3.3"
| #define PACKAGE_BUGREPORT "http://forums.accellera.org/forum/9-systemc/"
| #define PACKAGE_URL "http://accellera.org/"
| /* end confdefs.h.  */
| #include <stdarg.h>
| #include <stdio.h>
| struct stat;
| /* Most of the following tests are stolen from RCS 5.7's src/conf.sh.  */
| struct buf { int x; };
| FILE * (*rcsopen) (struct buf *, struct stat *, int);
| static char *e (p, i)
|      char **p;
|      int i;
| {
|   return p[i];
| }
| static char *f (char * (*g) (char **, int), char **p, ...)
| {
|   char *s;
|   va_list v;
|   va_start (v,p);
|   s = g (p, va_arg (v,int));
|   va_end (v);
|   return s;
| }
| 
| /* OSF 4.0 Compaq cc is some sort of almost-ANSI by default.  It has
|    function prototypes and stuff, but not '\xHH' hex character constants.
|    These don't provoke an error unfortunately, instead are silently treated
|    as 'x'.  The following induces an error, until -std is added to get
|    proper ANSI mode.  Curiously '\x00'!='x' always comes out true, for an
|    array size at least.  It's necessary to write '\x00'==0 to get something
|    that's true only with -std.  */
| int osf4_cc_array ['\x00' == 0 ? 1 : -1];
| 
| /* IBM C 6 for AIX is almost-ANSI by default, but it replaces macro parameters
|    inside strings and character constants.  */
| #define FOO(x) 'x'
| int xlc6_cc_array[FOO(a) == 'x' ? 1 : -1];
| 
| int test (int i, double x);
| struct s1 {int (*f) (int a);};
| struct s2 {int (*f) (double a);};
| int pairnames (int, char **, FILE *(*)(struct buf *, struct stat *, int), int, int);
| int argc;
| char **argv;
| int
| main ()
| {
| return f (e, argv, 0) != argv[0]  ||  f (e, argv, 1) != argv[1];
|   ;
|   return 0;
| }
configure:4437: /usr/local/Cellar/gcc/11.2.0/bin/g++-11 -Ae -c   conftest.c >&5
<command-line>: error: missing '(' after predicate
conftest.c:15:17: error: 'p' was not declared in this scope
   15 | static char *e (p, i)
      |                 ^
conftest.c:15:20: error: 'i' was not declared in this scope
   15 | static char *e (p, i)
      |                    ^
conftest.c:15:21: error: expression list treated as compound expression in initializer [-fpermissive]
   15 | static char *e (p, i)
      |                     ^
conftest.c:18:1: error: expected unqualified-id before '{' token
   18 | {
      | ^
conftest.c: In function 'int main()':
conftest.c:54:11: error: cannot convert 'char*' to 'char* (*)(char**, int)'
   54 | return f (e, argv, 0) != argv[0]  ||  f (e, argv, 1) != argv[1];
      |           ^
      |           |
      |           char*
conftest.c:21:26: note:   initializing argument 1 of 'char* f(char* (*)(char**, int), char**, ...)'
   21 | static char *f (char * (*g) (char **, int), char **p, ...)
      |                 ~~~~~~~~~^~~~~~~~~~~~~~~~~
conftest.c:54:42: error: cannot convert 'char*' to 'char* (*)(char**, int)'
   54 | return f (e, argv, 0) != argv[0]  ||  f (e, argv, 1) != argv[1];
      |                                          ^
      |                                          |
      |                                          char*
conftest.c:21:26: note:   initializing argument 1 of 'char* f(char* (*)(char**, int), char**, ...)'
   21 | static char *f (char * (*g) (char **, int), char **p, ...)
      |                 ~~~~~~~~~^~~~~~~~~~~~~~~~~
configure:4437: $? = 1
configure: failed program was:
| /* confdefs.h */
| #define PACKAGE_NAME "SystemC"
| #define PACKAGE_TARNAME "systemc"
| #define PACKAGE_VERSION "2.3.3"
| #define PACKAGE_STRING "SystemC 2.3.3"
| #define PACKAGE_BUGREPORT "http://forums.accellera.org/forum/9-systemc/"
| #define PACKAGE_URL "http://accellera.org/"
| /* end confdefs.h.  */
| #include <stdarg.h>
| #include <stdio.h>
| struct stat;
| /* Most of the following tests are stolen from RCS 5.7's src/conf.sh.  */
| struct buf { int x; };
| FILE * (*rcsopen) (struct buf *, struct stat *, int);
| static char *e (p, i)
|      char **p;
|      int i;
| {
|   return p[i];
| }
| static char *f (char * (*g) (char **, int), char **p, ...)
| {
|   char *s;
|   va_list v;
|   va_start (v,p);
|   s = g (p, va_arg (v,int));
|   va_end (v);
|   return s;
| }
| 
| /* OSF 4.0 Compaq cc is some sort of almost-ANSI by default.  It has
|    function prototypes and stuff, but not '\xHH' hex character constants.
|    These don't provoke an error unfortunately, instead are silently treated
|    as 'x'.  The following induces an error, until -std is added to get
|    proper ANSI mode.  Curiously '\x00'!='x' always comes out true, for an
|    array size at least.  It's necessary to write '\x00'==0 to get something
|    that's true only with -std.  */
| int osf4_cc_array ['\x00' == 0 ? 1 : -1];
| 
| /* IBM C 6 for AIX is almost-ANSI by default, but it replaces macro parameters
|    inside strings and character constants.  */
| #define FOO(x) 'x'
| int xlc6_cc_array[FOO(a) == 'x' ? 1 : -1];
| 
| int test (int i, double x);
| struct s1 {int (*f) (int a);};
| struct s2 {int (*f) (double a);};
| int pairnames (int, char **, FILE *(*)(struct buf *, struct stat *, int), int, int);
| int argc;
| char **argv;
| int
| main ()
| {
| return f (e, argv, 0) != argv[0]  ||  f (e, argv, 1) != argv[1];
|   ;
|   return 0;
| }
configure:4437: /usr/local/Cellar/gcc/11.2.0/bin/g++-11 -Aa -D_HPUX_SOURCE -c   conftest.c >&5
<command-line>: error: missing '(' after predicate
conftest.c:15:17: error: 'p' was not declared in this scope
   15 | static char *e (p, i)
      |                 ^
conftest.c:15:20: error: 'i' was not declared in this scope
   15 | static char *e (p, i)
      |                    ^
conftest.c:15:21: error: expression list treated as compound expression in initializer [-fpermissive]
   15 | static char *e (p, i)
      |                     ^
conftest.c:18:1: error: expected unqualified-id before '{' token
   18 | {
      | ^
conftest.c: In function 'int main()':
conftest.c:54:11: error: cannot convert 'char*' to 'char* (*)(char**, int)'
   54 | return f (e, argv, 0) != argv[0]  ||  f (e, argv, 1) != argv[1];
      |           ^
      |           |
      |           char*
conftest.c:21:26: note:   initializing argument 1 of 'char* f(char* (*)(char**, int), char**, ...)'
   21 | static char *f (char * (*g) (char **, int), char **p, ...)
      |                 ~~~~~~~~~^~~~~~~~~~~~~~~~~
conftest.c:54:42: error: cannot convert 'char*' to 'char* (*)(char**, int)'
   54 | return f (e, argv, 0) != argv[0]  ||  f (e, argv, 1) != argv[1];
      |                                          ^
      |                                          |
      |                                          char*
conftest.c:21:26: note:   initializing argument 1 of 'char* f(char* (*)(char**, int), char**, ...)'
   21 | static char *f (char * (*g) (char **, int), char **p, ...)
      |                 ~~~~~~~~~^~~~~~~~~~~~~~~~~
configure:4437: $? = 1
configure: failed program was:
| /* confdefs.h */
| #define PACKAGE_NAME "SystemC"
| #define PACKAGE_TARNAME "systemc"
| #define PACKAGE_VERSION "2.3.3"
| #define PACKAGE_STRING "SystemC 2.3.3"
| #define PACKAGE_BUGREPORT "http://forums.accellera.org/forum/9-systemc/"
| #define PACKAGE_URL "http://accellera.org/"
| /* end confdefs.h.  */
| #include <stdarg.h>
| #include <stdio.h>
| struct stat;
| /* Most of the following tests are stolen from RCS 5.7's src/conf.sh.  */
| struct buf { int x; };
| FILE * (*rcsopen) (struct buf *, struct stat *, int);
| static char *e (p, i)
|      char **p;
|      int i;
| {
|   return p[i];
| }
| static char *f (char * (*g) (char **, int), char **p, ...)
| {
|   char *s;
|   va_list v;
|   va_start (v,p);
|   s = g (p, va_arg (v,int));
|   va_end (v);
|   return s;
| }
| 
| /* OSF 4.0 Compaq cc is some sort of almost-ANSI by default.  It has
|    function prototypes and stuff, but not '\xHH' hex character constants.
|    These don't provoke an error unfortunately, instead are silently treated
|    as 'x'.  The following induces an error, until -std is added to get
|    proper ANSI mode.  Curiously '\x00'!='x' always comes out true, for an
|    array size at least.  It's necessary to write '\x00'==0 to get something
|    that's true only with -std.  */
| int osf4_cc_array ['\x00' == 0 ? 1 : -1];
| 
| /* IBM C 6 for AIX is almost-ANSI by default, but it replaces macro parameters
|    inside strings and character constants.  */
| #define FOO(x) 'x'
| int xlc6_cc_array[FOO(a) == 'x' ? 1 : -1];
| 
| int test (int i, double x);
| struct s1 {int (*f) (int a);};
| struct s2 {int (*f) (double a);};
| int pairnames (int, char **, FILE *(*)(struct buf *, struct stat *, int), int, int);
| int argc;
| char **argv;
| int
| main ()
| {
| return f (e, argv, 0) != argv[0]  ||  f (e, argv, 1) != argv[1];
|   ;
|   return 0;
| }
configure:4437: /usr/local/Cellar/gcc/11.2.0/bin/g++-11 -Xc -D__EXTENSIONS__ -c   conftest.c >&5
g++-11: error: unrecognized command-line option '-Xc'; did you mean '-X'?
configure:4437: $? = 1
configure: failed program was:
| /* confdefs.h */
| #define PACKAGE_NAME "SystemC"
| #define PACKAGE_TARNAME "systemc"
| #define PACKAGE_VERSION "2.3.3"
| #define PACKAGE_STRING "SystemC 2.3.3"
| #define PACKAGE_BUGREPORT "http://forums.accellera.org/forum/9-systemc/"
| #define PACKAGE_URL "http://accellera.org/"
| /* end confdefs.h.  */
| #include <stdarg.h>
| #include <stdio.h>
| struct stat;
| /* Most of the following tests are stolen from RCS 5.7's src/conf.sh.  */
| struct buf { int x; };
| FILE * (*rcsopen) (struct buf *, struct stat *, int);
| static char *e (p, i)
|      char **p;
|      int i;
| {
|   return p[i];
| }
| static char *f (char * (*g) (char **, int), char **p, ...)
| {
|   char *s;
|   va_list v;
|   va_start (v,p);
|   s = g (p, va_arg (v,int));
|   va_end (v);
|   return s;
| }
| 
| /* OSF 4.0 Compaq cc is some sort of almost-ANSI by default.  It has
|    function prototypes and stuff, but not '\xHH' hex character constants.
|    These don't provoke an error unfortunately, instead are silently treated
|    as 'x'.  The following induces an error, until -std is added to get
|    proper ANSI mode.  Curiously '\x00'!='x' always comes out true, for an
|    array size at least.  It's necessary to write '\x00'==0 to get something
|    that's true only with -std.  */
| int osf4_cc_array ['\x00' == 0 ? 1 : -1];
| 
| /* IBM C 6 for AIX is almost-ANSI by default, but it replaces macro parameters
|    inside strings and character constants.  */
| #define FOO(x) 'x'
| int xlc6_cc_array[FOO(a) == 'x' ? 1 : -1];
| 
| int test (int i, double x);
| struct s1 {int (*f) (int a);};
| struct s2 {int (*f) (double a);};
| int pairnames (int, char **, FILE *(*)(struct buf *, struct stat *, int), int, int);
| int argc;
| char **argv;
| int
| main ()
| {
| return f (e, argv, 0) != argv[0]  ||  f (e, argv, 1) != argv[1];
|   ;
|   return 0;
| }
configure:4453: result: unsupported
configure:4475: checking whether /usr/local/Cellar/gcc/11.2.0/bin/g++-11 understands -c and -o together
configure:4497: /usr/local/Cellar/gcc/11.2.0/bin/g++-11 -c conftest.c -o conftest2.o
configure:4500: $? = 0
configure:4497: /usr/local/Cellar/gcc/11.2.0/bin/g++-11 -c conftest.c -o conftest2.o
configure:4500: $? = 0
configure:4512: result: yes
configure:4531: checking dependency style of /usr/local/Cellar/gcc/11.2.0/bin/g++-11
configure:4642: result: gcc3
configure:4659: checking whether we are using a Clang/LLVM C compiler
configure:4685: /usr/local/Cellar/gcc/11.2.0/bin/g++-11 -c   conftest.c >&5
conftest.c: In function 'int main()':
conftest.c:15:5: error: 'clang' was not declared in this scope
   15 | not clang
      |     ^~~~~
configure:4685: $? = 1
configure: failed program was:
| /* confdefs.h */
| #define PACKAGE_NAME "SystemC"
| #define PACKAGE_TARNAME "systemc"
| #define PACKAGE_VERSION "2.3.3"
| #define PACKAGE_STRING "SystemC 2.3.3"
| #define PACKAGE_BUGREPORT "http://forums.accellera.org/forum/9-systemc/"
| #define PACKAGE_URL "http://accellera.org/"
| /* end confdefs.h.  */
| 
| int
| main ()
| {
| 
| #ifndef __clang__
| not clang
| #endif
| 
|   ;
|   return 0;
| }
configure:4698: result: no
configure:4750: checking for ar
configure:4766: found /usr/bin/ar
configure:4777: result: ar
configure:4803: checking the archiver (ar) interface
configure:4819: /usr/local/Cellar/gcc/11.2.0/bin/g++-11 -c   conftest.c >&5
configure:4819: $? = 0
configure:4821: ar cru libconftest.a conftest.o >&5
configure:4824: $? = 0
configure:4852: result: ar
configure:4884: checking dependency style of /usr/local/Cellar/gcc/11.2.0/bin/g++-11
configure:4993: result: gcc3
configure:5009: checking whether ln -s works
configure:5013: result: yes
configure:5281: checking whether pthreads work with -pthread
configure:5369: /usr/local/Cellar/gcc/11.2.0/bin/g++-11 -o conftest  -pthread   conftest.c   >&5
configure:5369: $? = 0
configure:5378: result: yes
configure:5397: checking for joinable pthread attribute
configure:5412: /usr/local/Cellar/gcc/11.2.0/bin/g++-11 -o conftest  -pthread   conftest.c   >&5
configure:5412: $? = 0
configure:5418: result: PTHREAD_CREATE_JOINABLE
configure:5428: checking if more special flags are required for pthreads
configure:5442: result: -D_THREAD_SAFE
configure:5448: checking for PTHREAD_PRIO_INHERIT
configure:5466: /usr/local/Cellar/gcc/11.2.0/bin/g++-11 -o conftest  -pthread   conftest.c   >&5
configure:5466: $? = 0
configure:5475: result: yes
configure:5615: checking how to print strings
configure:5642: result: printf
configure:5663: checking for a sed that does not truncate output
configure:5727: result: /usr/bin/sed
configure:5745: checking for grep that handles long lines and -e
configure:5803: result: /usr/bin/grep
configure:5808: checking for egrep
configure:5870: result: /usr/bin/grep -E
configure:5875: checking for fgrep
configure:5937: result: /usr/bin/grep -F
configure:5972: checking for ld used by /usr/local/Cellar/gcc/11.2.0/bin/g++-11
configure:6039: result: /usr/bin/ld
configure:6046: checking if the linker (/usr/bin/ld) is GNU ld
configure:6061: result: no
configure:6073: checking for BSD- or MS-compatible name lister (nm)
configure:6122: result: /usr/bin/nm -B
configure:6252: checking the name lister (/usr/bin/nm -B) interface
configure:6259: /usr/local/Cellar/gcc/11.2.0/bin/g++-11 -c -Wall -arch x86_64   conftest.cpp >&5
configure:6262: /usr/bin/nm -B "conftest.o"
configure:6265: output
0000000000000000 S _some_variable
configure:6272: result: BSD nm
configure:6276: checking the maximum length of command line arguments
configure:6406: result: 196608
configure:6423: checking whether the shell understands some XSI constructs
configure:6433: result: yes
configure:6437: checking whether the shell understands "+="
configure:6443: result: yes
configure:6478: checking how to convert x86_64-apple-darwin18.7.0 file names to x86_64-apple-darwin18.7.0 format
configure:6518: result: func_convert_file_noop
configure:6525: checking how to convert x86_64-apple-darwin18.7.0 file names to toolchain format
configure:6545: result: func_convert_file_noop
configure:6552: checking for /usr/bin/ld option to reload object files
configure:6559: result: -r
configure:6633: checking for objdump
configure:6649: found /usr/bin/objdump
configure:6660: result: objdump
configure:6692: checking how to recognize dependent libraries
configure:6894: result: pass_all
configure:6979: checking for dlltool
configure:7009: result: no
configure:7039: checking how to associate runtime and link libraries
configure:7066: result: printf %s\n
configure:7190: checking for archiver @FILE support
configure:7207: /usr/local/Cellar/gcc/11.2.0/bin/g++-11 -c -Wall -arch x86_64   conftest.cpp >&5
configure:7207: $? = 0
configure:7210: ar cr libconftest.a @conftest.lst >&5
ar: @conftest.lst: No such file or directory
configure:7213: $? = 1
configure:7233: result: no
configure:7291: checking for strip
configure:7307: found /usr/bin/strip
configure:7318: result: strip
configure:7390: checking for ranlib
configure:7406: found /usr/bin/ranlib
configure:7417: result: ranlib
configure:7519: checking command to parse /usr/bin/nm -B output from /usr/local/Cellar/gcc/11.2.0/bin/g++-11 object
configure:7639: /usr/local/Cellar/gcc/11.2.0/bin/g++-11 -c -Wall -arch x86_64   conftest.cpp >&5
configure:7642: $? = 0
configure:7646: /usr/bin/nm -B conftest.o \| sed -n -e 's/^.*[ ]\([BCDEGRST][BCDEGRST]*\)[ ][ ]*\([_A-Za-z][_A-Za-z0-9]*\)$/\1 \2 \2/p' | sed '/ __gnu_lto/d' \> conftest.nm
configure:7649: $? = 0
cannot find nm_test_var in conftest.nm
configure:7639: /usr/local/Cellar/gcc/11.2.0/bin/g++-11 -c -Wall -arch x86_64   conftest.cpp >&5
configure:7642: $? = 0
configure:7646: /usr/bin/nm -B conftest.o \| sed -n -e 's/^.*[ ]\([BCDEGRST][BCDEGRST]*\)[ ][ ]*_\([_A-Za-z][_A-Za-z0-9]*\)$/\1 _\2 \2/p' | sed '/ __gnu_lto/d' \> conftest.nm
configure:7649: $? = 0
configure:7715: /usr/local/Cellar/gcc/11.2.0/bin/g++-11 -o conftest -Wall -arch x86_64    conftest.cpp conftstm.o >&5
configure:7718: $? = 0
configure:7756: result: ok
configure:7793: checking for sysroot
configure:7823: result: no
configure:8079: checking for mt
configure:8109: result: no
configure:8129: checking if : is a manifest tool
configure:8135: : '-?'
configure:8143: result: no
configure:8199: checking for dsymutil
configure:8215: found /usr/bin/dsymutil
configure:8226: result: dsymutil
configure:8291: checking for nmedit
configure:8307: found /usr/bin/nmedit
configure:8318: result: nmedit
configure:8383: checking for lipo
configure:8399: found /usr/bin/lipo
configure:8410: result: lipo
configure:8475: checking for otool
configure:8491: found /usr/bin/otool
configure:8502: result: otool
configure:8567: checking for otool64
configure:8597: result: no
configure:8642: checking for -single_module linker flag
/usr/local/Cellar/gcc/11.2.0/bin/g++-11   -o libconftest.dylib -dynamiclib -Wl,-single_module conftest.c
configure:8675: result: yes
configure:8678: checking for -exported_symbols_list linker flag
configure:8698: /usr/local/Cellar/gcc/11.2.0/bin/g++-11 -o conftest -Wall -arch x86_64    -Wl,-exported_symbols_list,conftest.sym conftest.cpp  >&5
configure:8698: $? = 0
configure:8708: result: yes
configure:8711: checking for -force_load linker flag
/usr/local/Cellar/gcc/11.2.0/bin/g++-11  -c -o conftest.o conftest.c
ar cru libconftest.a conftest.o
ranlib libconftest.a
/usr/local/Cellar/gcc/11.2.0/bin/g++-11   -o conftest conftest.c -Wl,-force_load,./libconftest.a
configure:8743: result: yes
configure:8785: checking how to run the C preprocessor
configure:8816: /usr/local/Cellar/gcc/11.2.0/bin/g++-11 -E  conftest.c
configure:8816: $? = 0
configure:8830: /usr/local/Cellar/gcc/11.2.0/bin/g++-11 -E  conftest.c
conftest.c:11:10: fatal error: ac_nonexistent.h: No such file or directory
   11 | #include <ac_nonexistent.h>
      |          ^~~~~~~~~~~~~~~~~~
compilation terminated.
configure:8830: $? = 1
configure: failed program was:
| /* confdefs.h */
| #define PACKAGE_NAME "SystemC"
| #define PACKAGE_TARNAME "systemc"
| #define PACKAGE_VERSION "2.3.3"
| #define PACKAGE_STRING "SystemC 2.3.3"
| #define PACKAGE_BUGREPORT "http://forums.accellera.org/forum/9-systemc/"
| #define PACKAGE_URL "http://accellera.org/"
| #define HAVE_PTHREAD_PRIO_INHERIT 1
| #define HAVE_PTHREAD 1
| /* end confdefs.h.  */
| #include <ac_nonexistent.h>
configure:8855: result: /usr/local/Cellar/gcc/11.2.0/bin/g++-11 -E
configure:8875: /usr/local/Cellar/gcc/11.2.0/bin/g++-11 -E  conftest.c
configure:8875: $? = 0
configure:8889: /usr/local/Cellar/gcc/11.2.0/bin/g++-11 -E  conftest.c
conftest.c:11:10: fatal error: ac_nonexistent.h: No such file or directory
   11 | #include <ac_nonexistent.h>
      |          ^~~~~~~~~~~~~~~~~~
compilation terminated.
configure:8889: $? = 1
configure: failed program was:
| /* confdefs.h */
| #define PACKAGE_NAME "SystemC"
| #define PACKAGE_TARNAME "systemc"
| #define PACKAGE_VERSION "2.3.3"
| #define PACKAGE_STRING "SystemC 2.3.3"
| #define PACKAGE_BUGREPORT "http://forums.accellera.org/forum/9-systemc/"
| #define PACKAGE_URL "http://accellera.org/"
| #define HAVE_PTHREAD_PRIO_INHERIT 1
| #define HAVE_PTHREAD 1
| /* end confdefs.h.  */
| #include <ac_nonexistent.h>
configure:8918: checking for ANSI C header files
configure:8938: /usr/local/Cellar/gcc/11.2.0/bin/g++-11 -c   conftest.c >&5
configure:8938: $? = 0
configure:9011: /usr/local/Cellar/gcc/11.2.0/bin/g++-11 -o conftest    conftest.c  >&5
configure:9011: $? = 0
configure:9011: ./conftest
configure:9011: $? = 0
configure:9022: result: yes
configure:9035: checking for sys/types.h
configure:9035: /usr/local/Cellar/gcc/11.2.0/bin/g++-11 -c   conftest.c >&5
configure:9035: $? = 0
configure:9035: result: yes
configure:9035: checking for sys/stat.h
configure:9035: /usr/local/Cellar/gcc/11.2.0/bin/g++-11 -c   conftest.c >&5
configure:9035: $? = 0
configure:9035: result: yes
configure:9035: checking for stdlib.h
configure:9035: /usr/local/Cellar/gcc/11.2.0/bin/g++-11 -c   conftest.c >&5
configure:9035: $? = 0
configure:9035: result: yes
configure:9035: checking for string.h
configure:9035: /usr/local/Cellar/gcc/11.2.0/bin/g++-11 -c   conftest.c >&5
configure:9035: $? = 0
configure:9035: result: yes
configure:9035: checking for memory.h
configure:9035: /usr/local/Cellar/gcc/11.2.0/bin/g++-11 -c   conftest.c >&5
configure:9035: $? = 0
configure:9035: result: yes
configure:9035: checking for strings.h
configure:9035: /usr/local/Cellar/gcc/11.2.0/bin/g++-11 -c   conftest.c >&5
configure:9035: $? = 0
configure:9035: result: yes
configure:9035: checking for inttypes.h
configure:9035: /usr/local/Cellar/gcc/11.2.0/bin/g++-11 -c   conftest.c >&5
configure:9035: $? = 0
configure:9035: result: yes
configure:9035: checking for stdint.h
configure:9035: /usr/local/Cellar/gcc/11.2.0/bin/g++-11 -c   conftest.c >&5
configure:9035: $? = 0
configure:9035: result: yes
configure:9035: checking for unistd.h
configure:9035: /usr/local/Cellar/gcc/11.2.0/bin/g++-11 -c   conftest.c >&5
configure:9035: $? = 0
configure:9035: result: yes
configure:9049: checking for dlfcn.h
configure:9049: /usr/local/Cellar/gcc/11.2.0/bin/g++-11 -c   conftest.c >&5
configure:9049: $? = 0
configure:9049: result: yes
configure:9265: checking for objdir
configure:9280: result: .libs
configure:9551: checking if /usr/local/Cellar/gcc/11.2.0/bin/g++-11 supports -fno-rtti -fno-exceptions
configure:9569: /usr/local/Cellar/gcc/11.2.0/bin/g++-11 -c   -fno-rtti -fno-exceptions conftest.c >&5
configure:9573: $? = 0
configure:9586: result: yes
configure:9913: checking for /usr/local/Cellar/gcc/11.2.0/bin/g++-11 option to produce PIC
configure:9920: result: -fno-common -DPIC
configure:9928: checking if /usr/local/Cellar/gcc/11.2.0/bin/g++-11 PIC flag -fno-common -DPIC works
configure:9946: /usr/local/Cellar/gcc/11.2.0/bin/g++-11 -c   -fno-common -DPIC -DPIC conftest.c >&5
configure:9950: $? = 0
configure:9963: result: yes
configure:9992: checking if /usr/local/Cellar/gcc/11.2.0/bin/g++-11 static flag -static works
configure:10020: result: no
configure:10035: checking if /usr/local/Cellar/gcc/11.2.0/bin/g++-11 supports -c -o file.o
configure:10056: /usr/local/Cellar/gcc/11.2.0/bin/g++-11 -c   -o out/conftest2.o conftest.c >&5
configure:10060: $? = 0
configure:10082: result: yes
configure:10090: checking if /usr/local/Cellar/gcc/11.2.0/bin/g++-11 supports -c -o file.o
configure:10137: result: yes
configure:10170: checking whether the /usr/local/Cellar/gcc/11.2.0/bin/g++-11 linker (/usr/bin/ld) supports shared libraries
configure:11323: result: yes
configure:11563: checking dynamic linker characteristics
configure:12296: result: darwin18.7.0 dyld
configure:12403: checking how to hardcode library paths into programs
configure:12428: result: immediate
configure:12968: checking whether stripping libraries is possible
configure:12982: result: yes
configure:13008: checking if libtool supports shared libraries
configure:13010: result: yes
configure:13013: checking whether to build shared libraries
configure:13034: result: yes
configure:13037: checking whether to build static libraries
configure:13041: result: yes
configure:13064: checking how to run the C++ preprocessor
configure:13091: /usr/local/Cellar/gcc/11.2.0/bin/g++-11 -E  conftest.cpp
configure:13091: $? = 0
configure:13105: /usr/local/Cellar/gcc/11.2.0/bin/g++-11 -E  conftest.cpp
conftest.cpp:23:10: fatal error: ac_nonexistent.h: No such file or directory
   23 | #include <ac_nonexistent.h>
      |          ^~~~~~~~~~~~~~~~~~
compilation terminated.
configure:13105: $? = 1
configure: failed program was:
| /* confdefs.h */
| #define PACKAGE_NAME "SystemC"
| #define PACKAGE_TARNAME "systemc"
| #define PACKAGE_VERSION "2.3.3"
| #define PACKAGE_STRING "SystemC 2.3.3"
| #define PACKAGE_BUGREPORT "http://forums.accellera.org/forum/9-systemc/"
| #define PACKAGE_URL "http://accellera.org/"
| #define HAVE_PTHREAD_PRIO_INHERIT 1
| #define HAVE_PTHREAD 1
| #define STDC_HEADERS 1
| #define HAVE_SYS_TYPES_H 1
| #define HAVE_SYS_STAT_H 1
| #define HAVE_STDLIB_H 1
| #define HAVE_STRING_H 1
| #define HAVE_MEMORY_H 1
| #define HAVE_STRINGS_H 1
| #define HAVE_INTTYPES_H 1
| #define HAVE_STDINT_H 1
| #define HAVE_UNISTD_H 1
| #define HAVE_DLFCN_H 1
| #define LT_OBJDIR ".libs/"
| /* end confdefs.h.  */
| #include <ac_nonexistent.h>
configure:13130: result: /usr/local/Cellar/gcc/11.2.0/bin/g++-11 -E
configure:13150: /usr/local/Cellar/gcc/11.2.0/bin/g++-11 -E  conftest.cpp
configure:13150: $? = 0
configure:13164: /usr/local/Cellar/gcc/11.2.0/bin/g++-11 -E  conftest.cpp
conftest.cpp:23:10: fatal error: ac_nonexistent.h: No such file or directory
   23 | #include <ac_nonexistent.h>
      |          ^~~~~~~~~~~~~~~~~~
compilation terminated.
configure:13164: $? = 1
configure: failed program was:
| /* confdefs.h */
| #define PACKAGE_NAME "SystemC"
| #define PACKAGE_TARNAME "systemc"
| #define PACKAGE_VERSION "2.3.3"
| #define PACKAGE_STRING "SystemC 2.3.3"
| #define PACKAGE_BUGREPORT "http://forums.accellera.org/forum/9-systemc/"
| #define PACKAGE_URL "http://accellera.org/"
| #define HAVE_PTHREAD_PRIO_INHERIT 1
| #define HAVE_PTHREAD 1
| #define STDC_HEADERS 1
| #define HAVE_SYS_TYPES_H 1
| #define HAVE_SYS_STAT_H 1
| #define HAVE_STDLIB_H 1
| #define HAVE_STRING_H 1
| #define HAVE_MEMORY_H 1
| #define HAVE_STRINGS_H 1
| #define HAVE_INTTYPES_H 1
| #define HAVE_STDINT_H 1
| #define HAVE_UNISTD_H 1
| #define HAVE_DLFCN_H 1
| #define LT_OBJDIR ".libs/"
| /* end confdefs.h.  */
| #include <ac_nonexistent.h>
configure:13333: checking for ld used by /usr/local/Cellar/gcc/11.2.0/bin/g++-11
configure:13400: result: /usr/bin/ld
configure:13407: checking if the linker (/usr/bin/ld) is GNU ld
configure:13422: result: no
configure:13477: checking whether the /usr/local/Cellar/gcc/11.2.0/bin/g++-11 linker (/usr/bin/ld) supports shared libraries
configure:14482: result: yes
configure:14518: /usr/local/Cellar/gcc/11.2.0/bin/g++-11 -c -Wall -arch x86_64   conftest.cpp >&5
configure:14521: $? = 0
configure:15041: checking for /usr/local/Cellar/gcc/11.2.0/bin/g++-11 option to produce PIC
configure:15048: result: -fno-common -DPIC
configure:15056: checking if /usr/local/Cellar/gcc/11.2.0/bin/g++-11 PIC flag -fno-common -DPIC works
configure:15074: /usr/local/Cellar/gcc/11.2.0/bin/g++-11 -c -Wall -arch x86_64   -fno-common -DPIC -DPIC conftest.cpp >&5
configure:15078: $? = 0
configure:15091: result: yes
configure:15114: checking if /usr/local/Cellar/gcc/11.2.0/bin/g++-11 static flag -static works
configure:15142: result: no
configure:15154: checking if /usr/local/Cellar/gcc/11.2.0/bin/g++-11 supports -c -o file.o
configure:15175: /usr/local/Cellar/gcc/11.2.0/bin/g++-11 -c -Wall -arch x86_64   -o out/conftest2.o conftest.cpp >&5
configure:15179: $? = 0
configure:15201: result: yes
configure:15206: checking if /usr/local/Cellar/gcc/11.2.0/bin/g++-11 supports -c -o file.o
configure:15253: result: yes
configure:15283: checking whether the /usr/local/Cellar/gcc/11.2.0/bin/g++-11 linker (/usr/bin/ld) supports shared libraries
configure:15319: result: yes
configure:15460: checking dynamic linker characteristics
configure:16127: result: darwin18.7.0 dyld
configure:16180: checking how to hardcode library paths into programs
configure:16205: result: immediate
configure:16269: checking for SystemC install layout
configure:16295: result: ignored
configure:16351: checking for SystemC library arch suffix
configure:16371: result: default (TARGET_ARCH=macosx64)
configure:16374: checking whether to add debug symbols to the SystemC library
configure:16396: result: no
configure:16399: checking whether to enable compiler optimization
configure:16421: result: yes
configure:16424: checking whether to add support for asynchronous update requests
configure:16468: result: yes
configure:16471: checking whether to use POSIX threads for SystemC processes
configure:16537: result: no
configure:16540: checking whether to enable simulation phase callbacks (experimental)
configure:16574: result: no
configure:16577: checking whether to enable VCD scopes by default
configure:16601: result: yes
configure:16668: checking for SC_DISABLE_VIRTUAL_BIND defined
configure:16690: /usr/local/Cellar/gcc/11.2.0/bin/g++-11 -c   conftest.cpp >&5
conftest.cpp: In function 'int main()':
conftest.cpp:31:3: error: 'choke' was not declared in this scope
   31 |   choke me
      |   ^~~~~
configure:16690: $? = 1
configure: failed program was:
| /* confdefs.h */
| #define PACKAGE_NAME "SystemC"
| #define PACKAGE_TARNAME "systemc"
| #define PACKAGE_VERSION "2.3.3"
| #define PACKAGE_STRING "SystemC 2.3.3"
| #define PACKAGE_BUGREPORT "http://forums.accellera.org/forum/9-systemc/"
| #define PACKAGE_URL "http://accellera.org/"
| #define HAVE_PTHREAD_PRIO_INHERIT 1
| #define HAVE_PTHREAD 1
| #define STDC_HEADERS 1
| #define HAVE_SYS_TYPES_H 1
| #define HAVE_SYS_STAT_H 1
| #define HAVE_STDLIB_H 1
| #define HAVE_STRING_H 1
| #define HAVE_MEMORY_H 1
| #define HAVE_STRINGS_H 1
| #define HAVE_INTTYPES_H 1
| #define HAVE_STDINT_H 1
| #define HAVE_UNISTD_H 1
| #define HAVE_DLFCN_H 1
| #define LT_OBJDIR ".libs/"
| /* end confdefs.h.  */
| 
| int
| main ()
| {
| 
|   #ifdef SC_DISABLE_VIRTUAL_BIND
|   int ok;
|   #else
|   choke me
|   #endif
| 
|   ;
|   return 0;
| }
configure:16697: result: no
configure:16705: checking for SC_ENABLE_IMMEDIATE_SELF_NOTIFICATION defined
configure:16727: /usr/local/Cellar/gcc/11.2.0/bin/g++-11 -c   conftest.cpp >&5
conftest.cpp: In function 'int main()':
conftest.cpp:31:3: error: 'choke' was not declared in this scope
   31 |   choke me
      |   ^~~~~
configure:16727: $? = 1
configure: failed program was:
| /* confdefs.h */
| #define PACKAGE_NAME "SystemC"
| #define PACKAGE_TARNAME "systemc"
| #define PACKAGE_VERSION "2.3.3"
| #define PACKAGE_STRING "SystemC 2.3.3"
| #define PACKAGE_BUGREPORT "http://forums.accellera.org/forum/9-systemc/"
| #define PACKAGE_URL "http://accellera.org/"
| #define HAVE_PTHREAD_PRIO_INHERIT 1
| #define HAVE_PTHREAD 1
| #define STDC_HEADERS 1
| #define HAVE_SYS_TYPES_H 1
| #define HAVE_SYS_STAT_H 1
| #define HAVE_STDLIB_H 1
| #define HAVE_STRING_H 1
| #define HAVE_MEMORY_H 1
| #define HAVE_STRINGS_H 1
| #define HAVE_INTTYPES_H 1
| #define HAVE_STDINT_H 1
| #define HAVE_UNISTD_H 1
| #define HAVE_DLFCN_H 1
| #define LT_OBJDIR ".libs/"
| /* end confdefs.h.  */
| 
| int
| main ()
| {
| 
|   #ifdef SC_ENABLE_IMMEDIATE_SELF_NOTIFICATION
|   int ok;
|   #else
|   choke me
|   #endif
| 
|   ;
|   return 0;
| }
configure:16734: result: no
configure:16741: checking for SC_ENABLE_EARLY_MAXTIME_CREATION defined
configure:16763: /usr/local/Cellar/gcc/11.2.0/bin/g++-11 -c   conftest.cpp >&5
conftest.cpp: In function 'int main()':
conftest.cpp:31:3: error: 'choke' was not declared in this scope
   31 |   choke me
      |   ^~~~~
configure:16763: $? = 1
configure: failed program was:
| /* confdefs.h */
| #define PACKAGE_NAME "SystemC"
| #define PACKAGE_TARNAME "systemc"
| #define PACKAGE_VERSION "2.3.3"
| #define PACKAGE_STRING "SystemC 2.3.3"
| #define PACKAGE_BUGREPORT "http://forums.accellera.org/forum/9-systemc/"
| #define PACKAGE_URL "http://accellera.org/"
| #define HAVE_PTHREAD_PRIO_INHERIT 1
| #define HAVE_PTHREAD 1
| #define STDC_HEADERS 1
| #define HAVE_SYS_TYPES_H 1
| #define HAVE_SYS_STAT_H 1
| #define HAVE_STDLIB_H 1
| #define HAVE_STRING_H 1
| #define HAVE_MEMORY_H 1
| #define HAVE_STRINGS_H 1
| #define HAVE_INTTYPES_H 1
| #define HAVE_STDINT_H 1
| #define HAVE_UNISTD_H 1
| #define HAVE_DLFCN_H 1
| #define LT_OBJDIR ".libs/"
| /* end confdefs.h.  */
| 
| int
| main ()
| {
| 
|   #ifdef SC_ENABLE_EARLY_MAXTIME_CREATION
|   int ok;
|   #else
|   choke me
|   #endif
| 
|   ;
|   return 0;
| }
configure:16770: result: no
configure:16940: checking that generated files are newer than configure
configure:16946: result: done
configure:17045: creating ./config.status

## ---------------------- ##
## Running config.status. ##
## ---------------------- ##

This file was extended by SystemC config.status 2.3.3, which was
generated by GNU Autoconf 2.69.  Invocation command line was

  CONFIG_FILES    = 
  CONFIG_HEADERS  = 
  CONFIG_LINKS    = 
  CONFIG_COMMANDS = 
  $ ./config.status 

on MacBook-Pro-di-Dario.local

config.status:1145: creating Makefile
config.status:1145: creating src/Makefile
config.status:1145: creating src/systemc.pc
config.status:1145: creating src/tlm.pc
config.status:1145: creating src/sysc/Makefile
config.status:1145: creating src/sysc/packages/boost/Makefile
config.status:1145: creating src/sysc/packages/qt/Makefile
config.status:1145: creating src/tlm_core/Makefile
config.status:1145: creating src/tlm_utils/Makefile
config.status:1145: creating examples/Makefile
config.status:1145: creating examples/sysc/Makefile
config.status:1145: creating examples/tlm/Makefile
config.status:1145: creating examples/tlm/common/Makefile
config.status:1145: creating docs/Makefile
config.status:1145: creating docs/sysc/doxygen/Doxyfile
config.status:1145: creating docs/tlm/doxygen/Doxyfile
config.status:1302: executing depfiles commands
config.status:1302: executing libtool commands
---------------------------------------------------------------------
Configuration summary of SystemC 2.3.3 for x86_64-apple-darwin18.7.0
---------------------------------------------------------------------

 Directory setup (based on classic layout):
   Installation prefix (aka SYSTEMC_HOME):
      /Users/dario/SystemC/systemc-2.3-2.3
   Header files  : <SYSTEMC_HOME>/include
   Libraries     : <SYSTEMC_HOME>/lib-macosx64
   Documentation : <SYSTEMC_HOME>/docs
   Examples      : <SYSTEMC_HOME>/examples

 Architecture    : macosx64
 Compiler        : /usr/local/Cellar/gcc/11.2.0/bin/g++-11 (C/C++)
 
 Build settings:
   Enable compiler optimizations  : yes
   Include debugging symbols      : no
   Coroutine package for processes: QuickThreads
   Enable VCD scopes by default   : yes
   Disable async_request_update   : no
   Phase callbacks (experimental) : no
 
---------------------------------------------------------------------

## ---------------- ##
## Cache variables. ##
## ---------------- ##

ac_cv_build=x86_64-apple-darwin18.7.0
ac_cv_c_compiler_gnu=yes
ac_cv_cxx_compiler_gnu=yes
ac_cv_defined_SC_DISABLE_VIRTUAL_BIND=no
ac_cv_defined_SC_ENABLE_EARLY_MAXTIME_CREATION=no
ac_cv_defined_SC_ENABLE_IMMEDIATE_SELF_NOTIFICATION=no
ac_cv_env_CCASFLAGS_set=
ac_cv_env_CCASFLAGS_value=
ac_cv_env_CCAS_set=
ac_cv_env_CCAS_value=
ac_cv_env_CCC_set=
ac_cv_env_CCC_value=
ac_cv_env_CC_set=
ac_cv_env_CC_value=
ac_cv_env_CFLAGS_set=
ac_cv_env_CFLAGS_value=
ac_cv_env_CPPFLAGS_set=
ac_cv_env_CPPFLAGS_value=
ac_cv_env_CPP_set=
ac_cv_env_CPP_value=
ac_cv_env_CXXCPP_set=
ac_cv_env_CXXCPP_value=
ac_cv_env_CXXFLAGS_set=
ac_cv_env_CXXFLAGS_value=
ac_cv_env_CXX_set=set
ac_cv_env_CXX_value=/usr/local/Cellar/gcc/11.2.0/bin/g++-11
ac_cv_env_LDFLAGS_set=
ac_cv_env_LDFLAGS_value=
ac_cv_env_LIBS_set=
ac_cv_env_LIBS_value=
ac_cv_env_build_alias_set=
ac_cv_env_build_alias_value=
ac_cv_env_host_alias_set=
ac_cv_env_host_alias_value=
ac_cv_env_target_alias_set=
ac_cv_env_target_alias_value=
ac_cv_header_dlfcn_h=yes
ac_cv_header_inttypes_h=yes
ac_cv_header_memory_h=yes
ac_cv_header_stdc=yes
ac_cv_header_stdint_h=yes
ac_cv_header_stdlib_h=yes
ac_cv_header_string_h=yes
ac_cv_header_strings_h=yes
ac_cv_header_sys_stat_h=yes
ac_cv_header_sys_types_h=yes
ac_cv_header_unistd_h=yes
ac_cv_host=x86_64-apple-darwin18.7.0
ac_cv_objext=o
ac_cv_path_EGREP='/usr/bin/grep -E'
ac_cv_path_FGREP='/usr/bin/grep -F'
ac_cv_path_GREP=/usr/bin/grep
ac_cv_path_SED=/usr/bin/sed
ac_cv_path_install='/usr/bin/install -c'
ac_cv_prog_AWK=awk
ac_cv_prog_CPP='/usr/local/Cellar/gcc/11.2.0/bin/g++-11 -E'
ac_cv_prog_CXXCPP='/usr/local/Cellar/gcc/11.2.0/bin/g++-11 -E'
ac_cv_prog_ac_ct_AR=ar
ac_cv_prog_ac_ct_CC=/usr/local/Cellar/gcc/11.2.0/bin/g++-11
ac_cv_prog_ac_ct_DSYMUTIL=dsymutil
ac_cv_prog_ac_ct_LIPO=lipo
ac_cv_prog_ac_ct_NMEDIT=nmedit
ac_cv_prog_ac_ct_OBJDUMP=objdump
ac_cv_prog_ac_ct_OTOOL=otool
ac_cv_prog_ac_ct_RANLIB=ranlib
ac_cv_prog_ac_ct_STRIP=strip
ac_cv_prog_cc_c89=no
ac_cv_prog_cc_g=yes
ac_cv_prog_cxx_g=yes
ac_cv_prog_make_make_set=yes
ac_cv_target=x86_64-apple-darwin18.7.0
am_cv_CCAS_dependencies_compiler_type=gcc3
am_cv_CC_dependencies_compiler_type=gcc3
am_cv_CXX_dependencies_compiler_type=gcc3
am_cv_ar_interface=ar
am_cv_make_support_nested_variables=yes
am_cv_prog_cc_c_o=yes
am_cv_prog_tar_pax=gnutar
ax_cv_PTHREAD_PRIO_INHERIT=yes
lt_cv_apple_cc_single_mod=yes
lt_cv_ar_at_file=no
lt_cv_deplibs_check_method=pass_all
lt_cv_file_magic_cmd='$MAGIC_CMD'
lt_cv_file_magic_test_file=
lt_cv_ld_exported_symbols_list=yes
lt_cv_ld_force_load=yes
lt_cv_ld_reload_flag=-r
lt_cv_nm_interface='BSD nm'
lt_cv_objdir=.libs
lt_cv_path_LD=/usr/bin/ld
lt_cv_path_LDCXX=/usr/bin/ld
lt_cv_path_NM='/usr/bin/nm -B'
lt_cv_path_mainfest_tool=no
lt_cv_prog_compiler_c_o=yes
lt_cv_prog_compiler_c_o_CXX=yes
lt_cv_prog_compiler_pic='-fno-common -DPIC'
lt_cv_prog_compiler_pic_CXX='-fno-common -DPIC'
lt_cv_prog_compiler_pic_works=yes
lt_cv_prog_compiler_pic_works_CXX=yes
lt_cv_prog_compiler_rtti_exceptions=yes
lt_cv_prog_compiler_static_works=no
lt_cv_prog_compiler_static_works_CXX=no
lt_cv_prog_gnu_ld=no
lt_cv_prog_gnu_ldcxx=no
lt_cv_sharedlib_from_linklib_cmd='printf %s\n'
lt_cv_sys_global_symbol_pipe='sed -n -e '\''s/^.*[	 ]\([BCDEGRST][BCDEGRST]*\)[	 ][	 ]*_\([_A-Za-z][_A-Za-z0-9]*\)$/\1 _\2 \2/p'\'' | sed '\''/ __gnu_lto/d'\'''
lt_cv_sys_global_symbol_to_c_name_address='sed -n -e '\''s/^: \([^ ]*\)[ ]*$/  {\"\1\", (void *) 0},/p'\'' -e '\''s/^[BCDEGRST]* \([^ ]*\) \([^ ]*\)$/  {"\2", (void *) \&\2},/p'\'''
lt_cv_sys_global_symbol_to_c_name_address_lib_prefix='sed -n -e '\''s/^: \([^ ]*\)[ ]*$/  {\"\1\", (void *) 0},/p'\'' -e '\''s/^[BCDEGRST]* \([^ ]*\) \(lib[^ ]*\)$/  {"\2", (void *) \&\2},/p'\'' -e '\''s/^[BCDEGRST]* \([^ ]*\) \([^ ]*\)$/  {"lib\2", (void *) \&\2},/p'\'''
lt_cv_sys_global_symbol_to_cdecl='sed -n -e '\''s/^T .* \(.*\)$/extern int \1();/p'\'' -e '\''s/^[BCDEGRST]* .* \(.*\)$/extern char \1;/p'\'''
lt_cv_sys_max_cmd_len=196608
lt_cv_to_host_file_cmd=func_convert_file_noop
lt_cv_to_tool_file_cmd=func_convert_file_noop
sc_cv_clang=no
sc_cv_clangxx=no

## ----------------- ##
## Output variables. ##
## ----------------- ##

ACLOCAL='${SHELL} /Users/dario/SystemC/systemc-2.3-2.3/config/missing aclocal-1.14'
AMDEPBACKSLASH='\'
AMDEP_FALSE='#'
AMDEP_TRUE=''
AMTAR='$${TAR-tar}'
AM_BACKSLASH='\'
AM_DEFAULT_V='$(AM_DEFAULT_VERBOSITY)'
AM_DEFAULT_VERBOSITY='0'
AM_V='$(V)'
AR='ar'
AUTOCONF='${SHELL} /Users/dario/SystemC/systemc-2.3-2.3/config/missing autoconf'
AUTOHEADER='${SHELL} /Users/dario/SystemC/systemc-2.3-2.3/config/missing autoheader'
AUTOMAKE='${SHELL} /Users/dario/SystemC/systemc-2.3-2.3/config/missing automake-1.14'
AWK='awk'
CC='/usr/local/Cellar/gcc/11.2.0/bin/g++-11'
CCAS='/usr/local/Cellar/gcc/11.2.0/bin/g++-11'
CCASDEPMODE='depmode=gcc3'
CCASFLAGS=''
CCDEPMODE='depmode=gcc3'
CFLAGS=''
CPP='/usr/local/Cellar/gcc/11.2.0/bin/g++-11 -E'
CPPFLAGS=''
CXX='/usr/local/Cellar/gcc/11.2.0/bin/g++-11'
CXXCPP='/usr/local/Cellar/gcc/11.2.0/bin/g++-11 -E'
CXXDEPMODE='depmode=gcc3'
CXXFLAGS=''
CYGPATH_W='echo'
DEBUG_CXXFLAGS='-g'
DEFS='-DPACKAGE_NAME=\"SystemC\" -DPACKAGE_TARNAME=\"systemc\" -DPACKAGE_VERSION=\"2.3.3\" -DPACKAGE_STRING=\"SystemC\ 2.3.3\" -DPACKAGE_BUGREPORT=\"http://forums.accellera.org/forum/9-systemc/\" -DPACKAGE_URL=\"http://accellera.org/\" -DHAVE_PTHREAD_PRIO_INHERIT=1 -DHAVE_PTHREAD=1 -DSTDC_HEADERS=1 -DHAVE_SYS_TYPES_H=1 -DHAVE_SYS_STAT_H=1 -DHAVE_STDLIB_H=1 -DHAVE_STRING_H=1 -DHAVE_MEMORY_H=1 -DHAVE_STRINGS_H=1 -DHAVE_INTTYPES_H=1 -DHAVE_STDINT_H=1 -DHAVE_UNISTD_H=1 -DHAVE_DLFCN_H=1 -DLT_OBJDIR=\".libs/\"'
DEPDIR='.deps'
DISABLE_ASYNC_UPDATES_FALSE=''
DISABLE_ASYNC_UPDATES_TRUE='#'
DISABLE_VCD_SCOPES_FALSE=''
DISABLE_VCD_SCOPES_TRUE='#'
DLLTOOL='false'
DSYMUTIL='dsymutil'
DUMPBIN=''
ECHO_C='\c'
ECHO_N=''
ECHO_T=''
EGREP='/usr/bin/grep -E'
ENABLE_CALLBACKS_FALSE=''
ENABLE_CALLBACKS_TRACING_FALSE=''
ENABLE_CALLBACKS_TRACING_TRUE='#'
ENABLE_CALLBACKS_TRUE='#'
EXEEXT=''
EXPLICIT_LPTHREAD='-lpthread'
EXTRA_ASFLAGS=' -arch x86_64 -x assembler'
EXTRA_CFLAGS='-Wall -arch x86_64 -xc'
EXTRA_CXXFLAGS='-Wall -arch x86_64'
EXTRA_LDFLAGS=''
FGREP='/usr/bin/grep -F'
GREP='/usr/bin/grep'
INSTALL_DATA='${INSTALL} -m 644'
INSTALL_PROGRAM='${INSTALL}'
INSTALL_SCRIPT='${INSTALL}'
INSTALL_STRIP_PROGRAM='$(install_sh) -c -s'
LD='/usr/bin/ld'
LDFLAGS=''
LDFLAG_RPATH='-Wl,-rpath -Wl,'
LIBCONFIG_DEFINES=''
LIBOBJS=''
LIBS=''
LIBTOOL='$(SHELL) $(top_builddir)/libtool'
LIB_ARCH_SUFFIX='-${TARGET_ARCH}'
LIPO='lipo'
LN_S='ln -s'
LTLIBOBJS=''
MAKEINFO='${SHELL} /Users/dario/SystemC/systemc-2.3-2.3/config/missing makeinfo'
MANIFEST_TOOL=':'
MKDIR_P='../config/install-sh -c -d'
NM='/usr/bin/nm -B'
NMEDIT='nmedit'
OBJDUMP='objdump'
OBJEXT='o'
OPT_CXXFLAGS='-O3'
OTOOL64=':'
OTOOL='otool'
PACKAGE='systemc'
PACKAGE_BUGREPORT='http://forums.accellera.org/forum/9-systemc/'
PACKAGE_NAME='SystemC'
PACKAGE_STRING='SystemC 2.3.3'
PACKAGE_TARNAME='systemc'
PACKAGE_URL='http://accellera.org/'
PACKAGE_VERSION='2.3.3'
PATH_SEPARATOR=':'
PKGCONFIG_CFLAGS='-D_THREAD_SAFE -pthread'
PKGCONFIG_DEFINES=''
PKGCONFIG_LDPRIV=' -lpthread'
PTHREAD_CC='/usr/local/Cellar/gcc/11.2.0/bin/g++-11'
PTHREAD_CFLAGS='-D_THREAD_SAFE -pthread'
PTHREAD_LIBS=''
QT_ARCH='x86_64'
QT_ARCH_AARCH64_FALSE=''
QT_ARCH_AARCH64_TRUE='#'
QT_ARCH_HPPA_FALSE=''
QT_ARCH_HPPA_TRUE='#'
QT_ARCH_POWERPC_MACOSX_FALSE=''
QT_ARCH_POWERPC_MACOSX_TRUE='#'
QT_ARCH_SPARC_FALSE=''
QT_ARCH_SPARC_TRUE='#'
QT_ARCH_X86_64_FALSE='#'
QT_ARCH_X86_64_TRUE=''
QT_ARCH_X86_FALSE=''
QT_ARCH_X86_TRUE='#'
RANLIB='ranlib'
SED='/usr/bin/sed'
SEPARATE_BUILD_TREE_FALSE='#'
SEPARATE_BUILD_TREE_TRUE=''
SEPARATE_INSTALL_TREE_FALSE=''
SEPARATE_INSTALL_TREE_TRUE='#'
SET_MAKE=''
SHELL='/bin/sh'
STRIP='strip'
TARGET_ARCH='macosx64'
TLM_PACKAGE_VERSION='2.0.5'
USES_PTHREADS_LIB_FALSE='#'
USES_PTHREADS_LIB_TRUE=''
VERSION='2.3.3'
WANT_DEBUG_FALSE=''
WANT_DEBUG_TRUE='#'
WANT_OPTIMIZE_FALSE='#'
WANT_OPTIMIZE_TRUE=''
WANT_PTHREADS_THREADS_FALSE=''
WANT_PTHREADS_THREADS_TRUE='#'
WANT_QT_THREADS_FALSE='#'
WANT_QT_THREADS_TRUE=''
ac_ct_AR='ar'
ac_ct_CC='/usr/local/Cellar/gcc/11.2.0/bin/g++-11'
ac_ct_CXX=''
ac_ct_DUMPBIN=''
am__EXEEXT_FALSE=''
am__EXEEXT_TRUE='#'
am__fastdepCCAS_FALSE='#'
am__fastdepCCAS_TRUE=''
am__fastdepCC_FALSE='#'
am__fastdepCC_TRUE=''
am__fastdepCXX_FALSE='#'
am__fastdepCXX_TRUE=''
am__include='include'
am__isrc=' -I$(srcdir)'
am__leading_dot='.'
am__nodep='_no'
am__quote=''
am__tar='tar --format=posix -chf - "$$tardir"'
am__untar='tar -xf -'
ax_pthread_config=''
bindir='${exec_prefix}/bin'
build='x86_64-apple-darwin18.7.0'
build_alias=''
build_cpu='x86_64'
build_os='darwin18.7.0'
build_vendor='apple'
datadir='${prefix}'
datarootdir='${prefix}'
docdir='${prefix}/docs'
dvidir='${docdir}'
examplesdir='${rootdocdir}/examples'
exec_prefix='${prefix}'
host='x86_64-apple-darwin18.7.0'
host_alias=''
host_cpu='x86_64'
host_os='darwin18.7.0'
host_vendor='apple'
htmldir='${docdir}'
includedir='${prefix}/include'
infodir='${datarootdir}/info'
install_sh='${SHELL} /Users/dario/SystemC/systemc-2.3-2.3/config/install-sh'
libarchdir='${libdir}${LIB_ARCH_SUFFIX}'
libdir='${exec_prefix}/lib'
libexecdir='${exec_prefix}/libexec'
localedir='${datarootdir}/locale'
localstatedir='${prefix}/var'
mandir='${datarootdir}/man'
mkdir_p='$(MKDIR_P)'
oldincludedir='/usr/include'
pdfdir='${docdir}'
prefix='/Users/dario/SystemC/systemc-2.3-2.3'
program_transform_name='s,x,x,'
psdir='${docdir}'
rootdocdir='${prefix}'
sbindir='${exec_prefix}/sbin'
sharedstatedir='${prefix}/com'
sysconfdir='${prefix}/etc'
target='x86_64-apple-darwin18.7.0'
target_alias=''
target_cpu='x86_64'
target_os='darwin18.7.0'
target_vendor='apple'

## ----------- ##
## confdefs.h. ##
## ----------- ##

/* confdefs.h */
#define PACKAGE_NAME "SystemC"
#define PACKAGE_TARNAME "systemc"
#define PACKAGE_VERSION "2.3.3"
#define PACKAGE_STRING "SystemC 2.3.3"
#define PACKAGE_BUGREPORT "http://forums.accellera.org/forum/9-systemc/"
#define PACKAGE_URL "http://accellera.org/"
#define HAVE_PTHREAD_PRIO_INHERIT 1
#define HAVE_PTHREAD 1
#define STDC_HEADERS 1
#define HAVE_SYS_TYPES_H 1
#define HAVE_SYS_STAT_H 1
#define HAVE_STDLIB_H 1
#define HAVE_STRING_H 1
#define HAVE_MEMORY_H 1
#define HAVE_STRINGS_H 1
#define HAVE_INTTYPES_H 1
#define HAVE_STDINT_H 1
#define HAVE_UNISTD_H 1
#define HAVE_DLFCN_H 1
#define LT_OBJDIR ".libs/"

configure: exit 0
